<?xml version="1.0" encoding="UTF-8"?>
<!-- Generated by org.testng.reporters.JUnitXMLReporter -->
<testsuite ignored="4" hostname="Pavillion" failures="0" tests="1" name="Surefire test" time="7.603" errors="0" timestamp="2023-01-06T23:54:04 PKT">
  <testcase classname="TestNgTest" name="checkResourcesButtonWorks" time="1.628"/>
  <testcase classname="TestNgTest" name="checkIfSubmitClickable" time="0.0">
    <ignored/>
  </testcase> <!-- checkIfSubmitClickable -->
  <testcase classname="TestNgTest" name="checkifRedirectwithInfo" time="0.0">
    <ignored/>
  </testcase> <!-- checkifRedirectwithInfo -->
  <testcase classname="TestNgTest" name="checkRedirectWithoutInfo" time="0.0">
    <ignored/>
  </testcase> <!-- checkRedirectWithoutInfo -->
  <testcase classname="TestNgTest" name="checkEmail" time="0.0">
    <ignored/>
  </testcase> <!-- checkEmail -->
</testsuite> <!-- Surefire test -->
